<?xml version="1.0" encoding="UTF-8"?>
<testsuite xmlns:xsi="http://www.w3.org/2001/XMLSchema-instance" xsi:noNamespaceSchemaLocation="https://maven.apache.org/surefire/maven-surefire-plugin/xsd/surefire-test-report-3.0.xsd" version="3.0" name="med.voll.api.domain.medico.MedicoRepositoryTest" time="1.169" tests="2" errors="0" skipped="0" failures="0">
  <properties>
[...]
</properties>
  <testcase name="escolherMedicoAleatorioLivreNaDataCenario1" classname="med.voll.api.domain.medico.MedicoRepositoryTest" time="0.294">
    <system-out><![CDATA[2023-10-10T13:51:56.480-03:00  INFO 6464 --- [           main] t.c.s.AnnotationConfigContextLoaderUtils : Could not detect default configuration classes for test class [med.voll.api.domain.medico.MedicoRepositoryTest]: MedicoRepositoryTest does not declare any static, non-private, non-final, nested classes annotated with @Configuration.
2023-10-10T13:51:56.519-03:00  INFO 6464 --- [           main] .b.t.c.SpringBootTestContextBootstrapper : Found @SpringBootConfiguration med.voll.api.ApiApplication for test class med.voll.api.domain.medico.MedicoRepositoryTest

  .   ____          _            __ _ _
 /\\ / ___'_ __ _ _(_)_ __  __ _ \ \ \ \
( ( )\___ | '_ | '_| | '_ \/ _` | \ \ \ \
 \\/  ___)| |_)| | | | | || (_| |  ) ) ) )
  '  |____| .__|_| |_|_| |_\__, | / / / /
 =========|_|==============|___/=/_/_/_/
 :: Spring Boot ::                (v3.1.1)

2023-10-10T13:51:56.570-03:00  INFO 6464 --- [           main] m.v.a.d.medico.MedicoRepositoryTest      : Starting MedicoRepositoryTest using Java 17.0.8 with PID 6464 (started by a879449 in C:\Users\a879449\OneDrive - ATOS\Documents\GitHub\API-Rest\api)
2023-10-10T13:51:56.570-03:00  INFO 6464 --- [           main] m.v.a.d.medico.MedicoRepositoryTest      : The following 1 profile is active: "test"
2023-10-10T13:51:56.767-03:00  INFO 6464 --- [           main] .s.d.r.c.RepositoryConfigurationDelegate : Bootstrapping Spring Data JPA repositories in DEFAULT mode.
2023-10-10T13:51:56.802-03:00  INFO 6464 --- [           main] .s.d.r.c.RepositoryConfigurationDelegate : Finished Spring Data repository scanning in 34 ms. Found 4 JPA repository interfaces.
2023-10-10T13:51:56.907-03:00  INFO 6464 --- [           main] com.zaxxer.hikari.HikariDataSource       : HikariPool-3 - Starting...
2023-10-10T13:51:56.936-03:00  INFO 6464 --- [           main] com.zaxxer.hikari.pool.HikariPool        : HikariPool-3 - Added connection com.mysql.cj.jdbc.ConnectionImpl@78a884
2023-10-10T13:51:56.936-03:00  INFO 6464 --- [           main] com.zaxxer.hikari.HikariDataSource       : HikariPool-3 - Start completed.
2023-10-10T13:51:56.938-03:00  INFO 6464 --- [           main] o.f.c.i.database.base.BaseDatabaseType   : Database: jdbc:mysql://localhost/vollmed_api_test (MySQL 8.0)
2023-10-10T13:51:56.975-03:00  INFO 6464 --- [           main] o.f.core.internal.command.DbValidate     : Successfully validated 7 migrations (execution time 00:00.022s)
2023-10-10T13:51:56.991-03:00  INFO 6464 --- [           main] o.f.core.internal.command.DbMigrate      : Current version of schema `vollmed_api_test`: 7
2023-10-10T13:51:56.992-03:00  INFO 6464 --- [           main] o.f.core.internal.command.DbMigrate      : Schema `vollmed_api_test` is up to date. No migration necessary.
2023-10-10T13:51:57.018-03:00  INFO 6464 --- [           main] o.hibernate.jpa.internal.util.LogHelper  : HHH000204: Processing PersistenceUnitInfo [name: default]
2023-10-10T13:51:57.028-03:00  INFO 6464 --- [           main] o.h.b.i.BytecodeProviderInitiator        : HHH000021: Bytecode provider name : bytebuddy
2023-10-10T13:51:57.028-03:00  INFO 6464 --- [           main] o.s.o.j.p.SpringPersistenceUnitInfo      : No LoadTimeWeaver setup: ignoring JPA class transformer
2023-10-10T13:51:57.055-03:00  INFO 6464 --- [           main] o.h.b.i.BytecodeProviderInitiator        : HHH000021: Bytecode provider name : bytebuddy
2023-10-10T13:51:57.153-03:00  INFO 6464 --- [           main] o.h.e.t.j.p.i.JtaPlatformInitiator       : HHH000490: Using JtaPlatform implementation: [org.hibernate.engine.transaction.jta.platform.internal.NoJtaPlatform]
2023-10-10T13:51:57.153-03:00  INFO 6464 --- [           main] j.LocalContainerEntityManagerFactoryBean : Initialized JPA EntityManagerFactory for persistence unit 'default'
2023-10-10T13:51:57.313-03:00  INFO 6464 --- [           main] m.v.a.d.medico.MedicoRepositoryTest      : Started MedicoRepositoryTest in 0.789 seconds (process running for 14.545)
Hibernate: 
    insert 
    into
        medicos
        (ativo,crm,email,bairro,cep,cidade,complemento,logradouro,numero,uf,especialidade,nome,telefone) 
    values
        (?,?,?,?,?,?,?,?,?,?,?,?,?)
Hibernate: 
    insert 
    into
        pacientes
        (ativo,cpf,email,bairro,cep,cidade,complemento,logradouro,numero,uf,nome,telefone) 
    values
        (?,?,?,?,?,?,?,?,?,?,?,?)
Hibernate: 
    insert 
    into
        consultas
        (data,medico_id,motivo_cancelamento,paciente_id) 
    values
        (?,?,?,?)
Hibernate: 
    select
        m1_0.id,
        m1_0.ativo,
        m1_0.crm,
        m1_0.email,
        m1_0.bairro,
        m1_0.cep,
        m1_0.cidade,
        m1_0.complemento,
        m1_0.logradouro,
        m1_0.numero,
        m1_0.uf,
        m1_0.especialidade,
        m1_0.nome,
        m1_0.telefone 
    from
        medicos m1_0 
    where
        m1_0.ativo=1 
        and m1_0.especialidade=? 
        and m1_0.id not in(select
            c1_0.medico_id 
        from
            consultas c1_0 
        where
            c1_0.data=? 
            and c1_0.motivo_cancelamento is null) 
    order by
        rand() limit 1
]]></system-out>
  </testcase>
  <testcase name="escolherMedicoAleatorioLivreNaDataCenario2" classname="med.voll.api.domain.medico.MedicoRepositoryTest" time="0.029">
    <system-out><![CDATA[Hibernate: 
    insert 
    into
        medicos
        (ativo,crm,email,bairro,cep,cidade,complemento,logradouro,numero,uf,especialidade,nome,telefone) 
    values
        (?,?,?,?,?,?,?,?,?,?,?,?,?)
Hibernate: 
    select
        m1_0.id,
        m1_0.ativo,
        m1_0.crm,
        m1_0.email,
        m1_0.bairro,
        m1_0.cep,
        m1_0.cidade,
        m1_0.complemento,
        m1_0.logradouro,
        m1_0.numero,
        m1_0.uf,
        m1_0.especialidade,
        m1_0.nome,
        m1_0.telefone 
    from
        medicos m1_0 
    where
        m1_0.ativo=1 
        and m1_0.especialidade=? 
        and m1_0.id not in(select
            c1_0.medico_id 
        from
            consultas c1_0 
        where
            c1_0.data=? 
            and c1_0.motivo_cancelamento is null) 
    order by
        rand() limit 1
]]></system-out>
  </testcase>
</testsuite>